Builds/Android/app/build/intermediates/manifest_merge_blame_file/debug_Debug/processDebug_DebugMainManifest/manifest-merger-blame-debug_-debug-report.txt
1<?xml version="1.0" encoding="utf-8"?>
2<manifest xmlns:android="http://schemas.android.com/apk/res/android"
3    package="com.yourcompany.juan"
4    android:versionCode="1"
5    android:versionName="1.0.0" >
6
7    <uses-sdk
8        android:minSdkVersion="21"
9        android:targetSdkVersion="34" />
10
11    <supports-screens
11-->src\main\AndroidManifest.xml:4:3-5:51
12        android:anyDensity="true"
12-->src\main\AndroidManifest.xml:4:106-131
13        android:largeScreens="true"
13-->src\main\AndroidManifest.xml:4:78-105
14        android:normalScreens="true"
14-->src\main\AndroidManifest.xml:4:49-77
15        android:smallScreens="true"
15-->src\main\AndroidManifest.xml:4:21-48
16        android:xlargeScreens="true" />
16-->src\main\AndroidManifest.xml:5:21-49
17
18    <uses-permission
18-->src\main\AndroidManifest.xml:6:3-105
19        android:name="android.permission.WRITE_EXTERNAL_STORAGE"
19-->src\main\AndroidManifest.xml:6:20-76
20        android:maxSdkVersion="28" />
20-->src\main\AndroidManifest.xml:6:77-103
21    <uses-permission
21-->src\main\AndroidManifest.xml:7:3-104
22        android:name="android.permission.READ_EXTERNAL_STORAGE"
22-->src\main\AndroidManifest.xml:7:20-75
23        android:maxSdkVersion="32" />
23-->src\main\AndroidManifest.xml:7:76-102
24    <uses-permission android:name="android.permission.READ_MEDIA_VIDEO" />
24-->src\main\AndroidManifest.xml:8:3-72
24-->src\main\AndroidManifest.xml:8:20-70
25    <uses-permission android:name="android.permission.READ_MEDIA_IMAGES" />
25-->src\main\AndroidManifest.xml:9:3-73
25-->src\main\AndroidManifest.xml:9:20-71
26    <uses-permission android:name="android.permission.READ_MEDIA_AUDIO" />
26-->src\main\AndroidManifest.xml:10:3-72
26-->src\main\AndroidManifest.xml:10:20-70
27    <uses-permission android:name="android.permission.CHANGE_WIFI_MULTICAST_STATE" />
27-->src\main\AndroidManifest.xml:11:3-83
27-->src\main\AndroidManifest.xml:11:20-81
28    <uses-permission android:name="android.permission.INTERNET" />
28-->src\main\AndroidManifest.xml:12:3-64
28-->src\main\AndroidManifest.xml:12:20-62
29
30    <application
30-->src\main\AndroidManifest.xml:13:3-23:17
31        android:name="com.rmsl.juce.JuceApp"
31-->src\main\AndroidManifest.xml:13:49-85
32        android:debuggable="true"
33        android:extractNativeLibs="true"
34        android:hardwareAccelerated="false"
34-->src\main\AndroidManifest.xml:13:86-121
35        android:label="@string/app_name"
35-->src\main\AndroidManifest.xml:13:16-48
36        android:testOnly="true" >
37        <receiver
37-->src\main\AndroidManifest.xml:14:5-79
38            android:name="com.rmsl.juce.Receiver"
38-->src\main\AndroidManifest.xml:14:15-52
39            android:exported="false" />
39-->src\main\AndroidManifest.xml:14:53-77
40
41        <activity
41-->src\main\AndroidManifest.xml:15:5-22:16
42            android:name="android.app.Activity"
42-->src\main\AndroidManifest.xml:15:15-50
43            android:configChanges="keyboard|keyboardHidden|orientation|screenSize|navigation"
43-->src\main\AndroidManifest.xml:15:51-132
44            android:exported="true"
44-->src\main\AndroidManifest.xml:17:15-38
45            android:hardwareAccelerated="true"
45-->src\main\AndroidManifest.xml:16:87-121
46            android:launchMode="singleTask"
46-->src\main\AndroidManifest.xml:16:55-86
47            android:screenOrientation="unspecified" >
47-->src\main\AndroidManifest.xml:16:15-54
48            <intent-filter>
48-->src\main\AndroidManifest.xml:18:7-21:23
49                <action android:name="android.intent.action.MAIN" />
49-->src\main\AndroidManifest.xml:19:9-60
49-->src\main\AndroidManifest.xml:19:17-58
50
51                <category android:name="android.intent.category.LAUNCHER" />
51-->src\main\AndroidManifest.xml:20:9-68
51-->src\main\AndroidManifest.xml:20:19-66
52            </intent-filter>
53        </activity>
54    </application>
55
56</manifest>